Unity Editor version:    2020.3.25f1 (9b9180224418)
Branch:                  2020.3/staging
Build type:              Release
Batch mode:              YES
macOS version:           Version 12.0.1 (Build 21A559)
Darwin version:          21.1.0
Architecture:            x86_64
Running under Rosetta:   YES
Available memory:        16384 MB
Using pre-set license
Pro License: NO

COMMAND LINE ARGUMENTS:
/Applications/Unity/Hub/Editor/2020.3.25f1/Unity.app/Contents/MacOS/Unity
-adb2
-batchMode
-noUpm
-name
AssetImportWorker0
-projectPath
/Users/qasimali/Documents/Work/Felix/CatchTheChicken
-logFile
Logs/AssetImportWorker0.log
-srvPort
52544
Successfully changed project path to: /Users/qasimali/Documents/Work/Felix/CatchTheChicken
/Users/qasimali/Documents/Work/Felix/CatchTheChicken
Using Asset Import Pipeline V2.
Refreshing native plugins compatible for Editor in 85.36 ms, found 2 plugins.
Preloading 0 native plugins for Editor in 0.00 ms.
Initialize engine version: 2020.3.25f1 (9b9180224418)
[Subsystems] Discovering subsystems at path /Applications/Unity/Hub/Editor/2020.3.25f1/Unity.app/Contents/Resources/UnitySubsystems
[Subsystems] Discovering subsystems at path /Users/qasimali/Documents/Work/Felix/CatchTheChicken/Assets
GfxDevice: creating device client; threaded=0
2022-01-04 15:45:27.152 Unity[71197:4505275] (null) preferred device: Apple M1 (high power)
2022-01-04 15:45:27.152 Unity[71197:4505275] Metal devices available: 1
2022-01-04 15:45:27.152 Unity[71197:4505275] 0: Apple M1 (high power)
2022-01-04 15:45:27.152 Unity[71197:4505275] Using device Apple M1 (high power)
Initializing Metal device caps: Apple M1
Initialize mono
Mono path[0] = '/Applications/Unity/Hub/Editor/2020.3.25f1/Unity.app/Contents/Managed'
Mono path[1] = '/Applications/Unity/Hub/Editor/2020.3.25f1/Unity.app/Contents/MonoBleedingEdge/lib/mono/unityjit'
Mono config path = '/Applications/Unity/Hub/Editor/2020.3.25f1/Unity.app/Contents/MonoBleedingEdge/etc'
Using monoOptions --debugger-agent=transport=dt_socket,embedding=1,server=y,suspend=n,address=127.0.0.1:56197
Begin MonoManager ReloadAssembly
Registering precompiled unity dll's ...
Register platform support module: /Applications/Unity/Hub/Editor/2020.3.25f1/PlaybackEngines/WebGLSupport/UnityEditor.WebGL.Extensions.dll
Register platform support module: /Applications/Unity/Hub/Editor/2020.3.25f1/Unity.app/Contents/PlaybackEngines/MacStandaloneSupport/UnityEditor.OSXStandalone.Extensions.dll
Registered in 0.001374 seconds.
Native extension for OSXStandalone target not found
Native extension for WebGL target not found
Refreshing native plugins compatible for Editor in 96.83 ms, found 2 plugins.
Preloading 0 native plugins for Editor in 0.00 ms.
Mono: successfully reloaded assembly
- Completed reload, in  1.550 seconds
Domain Reload Profiling:
	ReloadAssembly (1550ms)
		BeginReloadAssembly (101ms)
			ExecutionOrderSort (0ms)
			DisableScriptedObjects (0ms)
			BackupInstance (0ms)
			ReleaseScriptingObjects (0ms)
			CreateAndSetChildDomain (3ms)
		EndReloadAssembly (1321ms)
			LoadAssemblies (99ms)
			RebuildTransferFunctionScriptingTraits (0ms)
			SetupTypeCache (182ms)
			ReleaseScriptCaches (0ms)
			RebuildScriptCaches (47ms)
			SetupLoadedEditorAssemblies (719ms)
				LogAssemblyErrors (0ms)
				InitializePlatformSupportModulesInManaged (17ms)
				SetLoadedEditorAssemblies (1ms)
				RefreshPlugins (97ms)
				BeforeProcessingInitializeOnLoad (107ms)
				ProcessInitializeOnLoadAttributes (376ms)
				ProcessInitializeOnLoadMethodAttributes (119ms)
				AfterProcessingInitializeOnLoad (0ms)
				EditorAssembliesLoaded (2ms)
			ExecutionOrderSort2 (0ms)
			AwakeInstancesAfterBackupRestoration (0ms)
Platform modules already initialized, skipping
Registering precompiled user dll's ...
Registered in 0.006809 seconds.
Begin MonoManager ReloadAssembly
Native extension for OSXStandalone target not found
Native extension for WebGL target not found
Refreshing native plugins compatible for Editor in 88.82 ms, found 2 plugins.
Preloading 0 native plugins for Editor in 0.00 ms.
Mono: successfully reloaded assembly
- Completed reload, in  2.935 seconds
Domain Reload Profiling:
	ReloadAssembly (2939ms)
		BeginReloadAssembly (282ms)
			ExecutionOrderSort (0ms)
			DisableScriptedObjects (33ms)
			BackupInstance (0ms)
			ReleaseScriptingObjects (0ms)
			CreateAndSetChildDomain (38ms)
		EndReloadAssembly (2554ms)
			LoadAssemblies (250ms)
			RebuildTransferFunctionScriptingTraits (0ms)
			SetupTypeCache (363ms)
			ReleaseScriptCaches (1ms)
			RebuildScriptCaches (69ms)
			SetupLoadedEditorAssemblies (1499ms)
				LogAssemblyErrors (0ms)
				InitializePlatformSupportModulesInManaged (14ms)
				SetLoadedEditorAssemblies (1ms)
				RefreshPlugins (89ms)
				BeforeProcessingInitializeOnLoad (224ms)
				ProcessInitializeOnLoadAttributes (1120ms)
				ProcessInitializeOnLoadMethodAttributes (49ms)
				AfterProcessingInitializeOnLoad (1ms)
				EditorAssembliesLoaded (1ms)
			ExecutionOrderSort2 (0ms)
			AwakeInstancesAfterBackupRestoration (33ms)
Platform modules already initialized, skipping
Validating Project structure ... 0.041887 seconds.
Shader import version has changed; will reimport all shaders...
Upgrading shader files ...0.056419 seconds.
Application.AssetDatabase Initial Script Refresh Start
RefreshInfo: InitialScriptRefreshV2(NoUpdateAssetOptions) scanfilter:  ... 1 filters
RefreshProfiler: Total: 0.000ms
Application.AssetDatabase Initial Script Refresh End
Application.AssetDatabase.Refresh Start
Application.AssetDatabase.Refresh End
RefreshInfo: StopAssetImportingV2(ForceSynchronousImport) scanfilter: 
RefreshProfiler: Total: 0.000ms
Launching external process: /Applications/Unity/Hub/Editor/2020.3.25f1/Unity.app/Contents/Tools/UnityShaderCompiler
Launched and connected shader compiler UnityShaderCompiler after 0.03 seconds
Initializing Unity extensions:
2022-01-04 15:45:34.477 Unity[71197:4505275] NSEventModifierFlagFunction specified to -setKeyEquivalentModifierMask: for item <NSMenuItem: 0x600001829340 Font Asset, ke='Command-F12'>, but is only supported for system-provided menu items; will not be used
2022-01-04 15:45:34.482 Unity[71197:4505275] NSEventModifierFlagFunction specified to -setKeyEquivalentModifierMask: for item <NSMenuItem: 0x600001831960 Font Asset, ke='Command-F12'>, but is only supported for system-provided menu items; will not be used
========================================================================
Worker process is ready to serve import requests
Refreshing native plugins compatible for Editor in 0.89 ms, found 2 plugins.
Preloading 0 native plugins for Editor in 0.00 ms.
Unloading 2340 Unused Serialized files (Serialized files now loaded: 0)
System memory in use before: 244.7 MB.
System memory in use after: 243.9 MB.

Unloading 324 unused Assets to reduce memory usage. Loaded Objects now: 2821.
Total: 2.994292 ms (FindLiveObjects: 0.174250 ms CreateObjectMapping: 0.055958 ms MarkObjects: 2.284667 ms  DeleteObjects: 0.478375 ms)

AssetImportParameters requested are different than current active one (requested -> active):
  custom:video-decoder-ogg-theora: a1e56fd34408186e4bbccfd4996cb3dc -> 
  custom:container-muxer-webm: aa71ff27fc2769a1b78a27578f13a17b -> 
  custom:container-demuxer-webm: 4f35f7cbe854078d1ac9338744f61a02 -> 
  custom:container-demuxer-ogg: 62fdf1f143b41e24485cea50d1cbac27 -> 
  custom:video-encoder-webm-vp8: eb34c28f22e8b96e1ab97ce403110664 -> 
  custom:framework-osx-AVFoundation: e770b220cccbd017edd2c1fefb359320 -> 
  custom:video-decoder-webm-vp8: 9c59270c3fd7afecdb556c50c9e8de78 -> 
  custom:audio-decoder-ogg-vorbis: bf7c407c2cedff20999df2af8eb42d56 -> 
  custom:audio-encoder-webm-vorbis: bf7c407c2cedff20999df2af8eb42d56 -> 
========================================================================
Received Import Request.
  path: Assets/Scenes/SinglePlayerScene.unity
  artifactKey: Guid(6f8264ca3bef278448004058a75e7ab5) Importer(815301076,1909f56bfc062723c751e8b465ee728b)
Start importing Assets/Scenes/SinglePlayerScene.unity using Guid(6f8264ca3bef278448004058a75e7ab5) Importer(815301076,1909f56bfc062723c751e8b465ee728b)  -> (artifact id: '41e5fe5b705ca3f0e146b7b08e8fd3b3') in 0.026447 seconds 
  Import took 0.030503 seconds .

========================================================================
Received Import Request.
  Time since last request: 0.001310 seconds.
  path: Assets/StarterAssets
  artifactKey: Guid(c21c09ed5775a0c4cb2ab127c86b3d85) Importer(815301076,1909f56bfc062723c751e8b465ee728b)
Start importing Assets/StarterAssets using Guid(c21c09ed5775a0c4cb2ab127c86b3d85) Importer(815301076,1909f56bfc062723c751e8b465ee728b)  -> (artifact id: '60361ba08c443858cd2a186e2d944704') in 0.000812 seconds 
  Import took 0.003311 seconds .

========================================================================
Received Import Request.
  Time since last request: 0.000343 seconds.
  path: Assets/Scenes/SinglePlayerSceneSettings.lighting
  artifactKey: Guid(927744ec66bec3a4daf927b0c9515143) Importer(815301076,1909f56bfc062723c751e8b465ee728b)
Start importing Assets/Scenes/SinglePlayerSceneSettings.lighting using Guid(927744ec66bec3a4daf927b0c9515143) Importer(815301076,1909f56bfc062723c751e8b465ee728b) LightingSettings: switching bake backend from 1 to 0.
 -> (artifact id: '1edec8cdb25c32ccde66359dc1b190f2') in 0.542006 seconds 
  Import took 0.546599 seconds .

========================================================================
Received Import Request.
  Time since last request: 0.000287 seconds.
  path: Assets/Resources/SinglePlayerPrefabs
  artifactKey: Guid(77cbb7a728cbafe4781541ef26a5618b) Importer(815301076,1909f56bfc062723c751e8b465ee728b)
Start importing Assets/Resources/SinglePlayerPrefabs using Guid(77cbb7a728cbafe4781541ef26a5618b) Importer(815301076,1909f56bfc062723c751e8b465ee728b)  -> (artifact id: 'ef6b38738e5c6880f93e36fc926e0019') in 0.000827 seconds 
  Import took 0.003206 seconds .

========================================================================
Received Import Request.
  Time since last request: 0.000175 seconds.
  path: Assets/Resources/PhotonPrefabs
  artifactKey: Guid(9535646a874a9ed4396372688f34b89f) Importer(815301076,1909f56bfc062723c751e8b465ee728b)
Start importing Assets/Resources/PhotonPrefabs using Guid(9535646a874a9ed4396372688f34b89f) Importer(815301076,1909f56bfc062723c751e8b465ee728b)  -> (artifact id: '6c5981a872564ebeee18676ee08091de') in 0.000864 seconds 
  Import took 0.003339 seconds .

========================================================================
Received Import Request.
  Time since last request: 0.000234 seconds.
  path: Assets/Resources
  artifactKey: Guid(55a2fb320e2e36b4eb4d5d3cdf8ea06d) Importer(815301076,1909f56bfc062723c751e8b465ee728b)
Start importing Assets/Resources using Guid(55a2fb320e2e36b4eb4d5d3cdf8ea06d) Importer(815301076,1909f56bfc062723c751e8b465ee728b)  -> (artifact id: '5b84ac839868de43177f62492c492761') in 0.001192 seconds 
  Import took 0.004573 seconds .

========================================================================
Received Import Request.
  Time since last request: 0.000260 seconds.
  path: Assets/Scripts
  artifactKey: Guid(6cd6fdd4f07693a44bb1321b5c90d803) Importer(815301076,1909f56bfc062723c751e8b465ee728b)
Start importing Assets/Scripts using Guid(6cd6fdd4f07693a44bb1321b5c90d803) Importer(815301076,1909f56bfc062723c751e8b465ee728b)  -> (artifact id: '1da27fdee44af6bc1b6b38f5ca7d2039') in 0.001194 seconds 
  Import took 0.004643 seconds .

========================================================================
Received Import Request.
  Time since last request: 0.000224 seconds.
  path: Assets/Scenes/SinglePlayerScene
  artifactKey: Guid(8d588b1e7d517be4998eba3ad6ee2b5d) Importer(815301076,1909f56bfc062723c751e8b465ee728b)
Start importing Assets/Scenes/SinglePlayerScene using Guid(8d588b1e7d517be4998eba3ad6ee2b5d) Importer(815301076,1909f56bfc062723c751e8b465ee728b)  -> (artifact id: '138773c86d5d75db54a3488841d40896') in 0.000941 seconds 
  Import took 0.003963 seconds .

